mode: set
github.com/yourusername/product-service/docs/docs.go:368.13,370.2 1 0
github.com/yourusername/product-service/internal/config/config.go:21.36,34.50 3 1
github.com/yourusername/product-service/internal/config/config.go:34.50,35.47 1 1
github.com/yourusername/product-service/internal/config/config.go:35.47,37.4 1 1
github.com/yourusername/product-service/internal/config/config.go:40.2,40.50 1 1
github.com/yourusername/product-service/internal/config/config.go:40.50,42.3 1 1
github.com/yourusername/product-service/internal/config/config.go:42.8,46.3 1 1
github.com/yourusername/product-service/internal/config/config.go:48.2,48.57 1 1
github.com/yourusername/product-service/internal/config/config.go:48.57,50.3 1 1
github.com/yourusername/product-service/internal/config/config.go:52.2,52.78 1 1
github.com/yourusername/product-service/internal/config/config.go:52.78,54.3 1 1
github.com/yourusername/product-service/internal/config/config.go:56.2,56.48 1 1
github.com/yourusername/product-service/internal/config/config.go:56.48,58.3 1 1
github.com/yourusername/product-service/internal/config/config.go:60.2,60.20 1 1
github.com/yourusername/product-service/api/middleware/middleware.go:11.31,12.30 1 1
github.com/yourusername/product-service/api/middleware/middleware.go:12.30,26.3 4 1
github.com/yourusername/product-service/api/middleware/middleware.go:30.36,31.30 1 1
github.com/yourusername/product-service/api/middleware/middleware.go:31.30,37.3 1 1
github.com/yourusername/product-service/api/handlers/product_handlers.go:18.73,22.2 1 1
github.com/yourusername/product-service/api/handlers/product_handlers.go:33.54,36.16 3 1
github.com/yourusername/product-service/api/handlers/product_handlers.go:36.16,39.3 2 0
github.com/yourusername/product-service/api/handlers/product_handlers.go:41.2,41.33 1 1
github.com/yourusername/product-service/api/handlers/product_handlers.go:55.57,60.16 4 1
github.com/yourusername/product-service/api/handlers/product_handlers.go:60.16,63.3 2 0
github.com/yourusername/product-service/api/handlers/product_handlers.go:65.2,65.32 1 1
github.com/yourusername/product-service/api/handlers/product_handlers.go:79.56,81.51 2 1
github.com/yourusername/product-service/api/handlers/product_handlers.go:81.51,84.3 2 0
github.com/yourusername/product-service/api/handlers/product_handlers.go:86.2,88.16 3 1
github.com/yourusername/product-service/api/handlers/product_handlers.go:88.16,91.3 2 0
github.com/yourusername/product-service/api/handlers/product_handlers.go:93.2,93.44 1 1
github.com/yourusername/product-service/api/handlers/product_handlers.go:109.56,113.51 3 1
github.com/yourusername/product-service/api/handlers/product_handlers.go:113.51,116.3 2 0
github.com/yourusername/product-service/api/handlers/product_handlers.go:119.2,125.16 4 1
github.com/yourusername/product-service/api/handlers/product_handlers.go:125.16,128.3 2 0
github.com/yourusername/product-service/api/handlers/product_handlers.go:131.2,131.59 1 1
github.com/yourusername/product-service/api/handlers/product_handlers.go:131.59,134.3 2 0
github.com/yourusername/product-service/api/handlers/product_handlers.go:136.2,136.32 1 1
github.com/yourusername/product-service/api/handlers/product_handlers.go:150.56,157.16 4 1
github.com/yourusername/product-service/api/handlers/product_handlers.go:157.16,160.3 2 0
github.com/yourusername/product-service/api/handlers/product_handlers.go:163.2,163.54 1 1
github.com/yourusername/product-service/api/handlers/product_handlers.go:163.54,166.3 2 0
github.com/yourusername/product-service/api/handlers/product_handlers.go:168.2,168.32 1 1
github.com/yourusername/product-service/api/handlers/product_handlers.go:182.67,187.16 4 1
github.com/yourusername/product-service/api/handlers/product_handlers.go:187.16,190.3 2 0
github.com/yourusername/product-service/api/handlers/product_handlers.go:192.2,192.37 1 1
github.com/yourusername/product-service/internal/database/cosmos.go:16.111,18.2 1 0
github.com/yourusername/product-service/internal/database/cosmos.go:23.89,25.2 1 0
github.com/yourusername/product-service/internal/database/cosmos.go:27.101,29.2 1 0
github.com/yourusername/product-service/internal/database/cosmos.go:31.113,33.2 1 0
github.com/yourusername/product-service/internal/database/cosmos.go:35.95,37.2 1 0
github.com/yourusername/product-service/internal/database/cosmos.go:39.82,41.2 1 0
github.com/yourusername/product-service/internal/database/cosmos.go:43.123,45.2 1 0
github.com/yourusername/product-service/internal/database/memory.go:30.50,34.2 1 1
github.com/yourusername/product-service/internal/database/memory.go:37.89,42.37 4 1
github.com/yourusername/product-service/internal/database/memory.go:42.37,44.3 1 1
github.com/yourusername/product-service/internal/database/memory.go:46.2,46.22 1 1
github.com/yourusername/product-service/internal/database/memory.go:50.101,55.13 4 1
github.com/yourusername/product-service/internal/database/memory.go:55.13,57.3 1 1
github.com/yourusername/product-service/internal/database/memory.go:59.2,59.21 1 1
github.com/yourusername/product-service/internal/database/memory.go:63.113,68.22 3 1
github.com/yourusername/product-service/internal/database/memory.go:68.22,70.3 1 1
github.com/yourusername/product-service/internal/database/memory.go:73.2,73.49 1 1
github.com/yourusername/product-service/internal/database/memory.go:73.49,75.3 1 0
github.com/yourusername/product-service/internal/database/memory.go:78.2,85.21 5 1
github.com/yourusername/product-service/internal/database/memory.go:89.95,95.13 4 1
github.com/yourusername/product-service/internal/database/memory.go:95.13,97.3 1 0
github.com/yourusername/product-service/internal/database/memory.go:100.2,105.12 3 1
github.com/yourusername/product-service/internal/database/memory.go:109.82,114.42 3 1
github.com/yourusername/product-service/internal/database/memory.go:114.42,116.3 1 0
github.com/yourusername/product-service/internal/database/memory.go:119.2,121.12 2 1
github.com/yourusername/product-service/internal/database/memory.go:125.123,127.16 2 1
github.com/yourusername/product-service/internal/database/memory.go:127.16,129.3 1 0
github.com/yourusername/product-service/internal/database/memory.go:131.2,137.26 2 1
github.com/yourusername/product-service/internal/database/memory.go:141.91,151.2 1 0
github.com/yourusername/product-service/main.go:28.13,31.16 2 0
github.com/yourusername/product-service/main.go:31.16,33.3 1 0
github.com/yourusername/product-service/main.go:36.2,50.47 9 0
github.com/yourusername/product-service/main.go:50.47,52.3 1 0
github.com/yourusername/product-service/router.go:14.64,29.2 6 1
github.com/yourusername/product-service/router.go:29.2,31.3 2 1
github.com/yourusername/product-service/router.go:31.3,38.4 6 1
github.com/yourusername/product-service/router.go:42.2,44.15 2 1
